4/25/2017, 11:55:33, 4, 0, :File not found.
4/25/2017, 11:55:33, 4, 0, :File not found.
4/25/2017, 23:32:52, 4, 0, G:\projek_u\cetak2.rpt:This field name is not known.
4/25/2017, 23:40:08, 4, 0, G:\projek_u\cetak2.rpt:This field name is not known.
4/25/2017, 23:42:27, 4, 0, G:\projek_u\cetak2.rpt:This field name is not known.
4/25/2017, 23:43:59, 4, 0, G:\projek_u\cetak2.rpt:This field name is not known.
4/25/2017, 23:45:16, 4, 0, G:\projek_u\cetak2.rpt:A number, currency amount, boolean, date, time, date-time, or string is expected here.
4/25/2017, 23:45:43, 4, 0, G:\projek_u\cetak2.rpt:A number, currency amount, boolean, date, time, date-time, or string is expected here.
4/25/2017, 23:47:07, 4, 0, G:\projek_u\cetak2.rpt:A number, currency amount, boolean, date, time, date-time, or string is expected here.
4/25/2017, 23:48:37, 4, 0, G:\projek_u\cetak2.rpt:A number, currency amount, boolean, date, time, date-time, or string is expected here.
4/25/2017, 23:49:23, 4, 0, G:\projek_u\cetak2.rpt:A number, currency amount, boolean, date, time, date-time, or string is expected here.
4/25/2017, 23:49:44, 4, 0, G:\projek_u\cetak2.rpt:A number, currency amount, boolean, date, time, date-time, or string is expected here.
4/25/2017, 23:55:25, 4, 0, G:\projek_u\cetak2.rpt:A number, currency amount, boolean, date, time, date-time, or string is expected here.
4/26/2017, 00:15:09, 4, 0, G:\projek_u\cetak2.rpt:A number, currency amount, boolean, date, time, date-time, or string is expected here.
4/26/2017, 00:23:39, 4, 0, G:\projek_u\cetak2.rpt:A number, currency amount, boolean, date, time, date-time, or string is expected here.
4/26/2017, 00:32:39, 4, 0, G:\projek_u\cetak2.rpt:A number, currency amount, boolean, date, time, date-time, or string is expected here.
4/26/2017, 12:53:26, 4, 0, G:\projek_u\cetak2.rpt:A number, currency amount, boolean, date, time, date-time, or string is expected here.
4/26/2017, 12:54:32, 4, 0, G:\projek_u\cetak2.rpt:A number, currency amount, boolean, date, time, date-time, or string is expected here.
4/27/2017, 02:18:47, 4, 0, G:\projek_u\cetak2.rpt:A number, currency amount, boolean, date, time, date-time, or string is expected here.
4/27/2017, 02:20:49, 4, 0, G:\projek_u\cetak2.rpt:A number, currency amount, boolean, date, time, date-time, or string is expected here.
4/27/2017, 02:22:37, 4, 0, G:\projek_u\cetak2.rpt:This field name is not known.
4/27/2017, 02:23:09, 4, 0, G:\projek_u\cetak2.rpt:This field name is not known.
4/27/2017, 02:24:15, 4, 0, G:\projek_u\cetak2.rpt:This field name is not known.
4/27/2017, 02:24:57, 4, 0, G:\projek_u\cetak2.rpt:A number, currency amount, boolean, date, time, date-time, or string is expected here.
4/27/2017, 02:25:45, 4, 0, G:\projek_u\cetak2.rpt:A number, currency amount, boolean, date, time, date-time, or string is expected here.
4/27/2017, 02:27:02, 4, 0, G:\projek_u\cetak2.rpt:A number, currency amount, boolean, date, time, date-time, or string is expected here.
4/27/2017, 02:27:45, 4, 0, G:\projek_u\cetak2.rpt:A number, currency amount, boolean, date, time, date-time, or string is expected here.
4/27/2017, 02:31:44, 4, 0, G:\projek_u\cetak2.rpt:A number, currency amount, boolean, date, time, date-time, or string is expected here.
4/27/2017, 02:32:37, 4, 0, G:\projek_u\cetak2.rpt:A number, currency amount, boolean, date, time, date-time, or string is expected here.
4/27/2017, 02:33:00, 4, 0, G:\projek_u\cetak2.rpt:A number, currency amount, boolean, date, time, date-time, or string is expected here.
4/27/2017, 02:34:58, 4, 0, G:\projek_u\cetak2.rpt:A number, currency amount, boolean, date, time, date-time, or string is expected here.
4/27/2017, 02:35:18, 4, 0, G:\projek_u\cetak2.rpt:A number, currency amount, boolean, date, time, date-time, or string is expected here.
4/27/2017, 02:35:59, 4, 0, G:\projek_u\cetak2.rpt:This field name is not known.
4/27/2017, 02:37:10, 4, 0, G:\projek_u\cetak2.rpt:This field name is not known.
4/27/2017, 02:38:02, 4, 0, G:\projek_u\cetak2.rpt:A number, currency amount, boolean, date, time, date-time, or string is expected here.
4/27/2017, 02:42:26, 4, 0, G:\projek_u\cetak2.rpt:A number, currency amount, boolean, date, time, date-time, or string is expected here.
4/27/2017, 02:46:12, 4, 0, G:\projek_u\cetak2.rpt:A number, currency amount, boolean, date, time, date-time, or string is expected here.
4/27/2017, 03:16:09, 4, 0, G:\projek_u\cetak2.rpt:A number, currency amount, boolean, date, time, date-time, or string is expected here.
4/27/2017, 16:42:09, 4, 0, G:\projek_u\cetak2.rpt:A number, currency amount, boolean, date, time, date-time, or string is expected here.
4/27/2017, 16:44:32, 4, 0, G:\projek_u\cetak2.rpt:A number, currency amount, boolean, date, time, date-time, or string is expected here.
4/28/2017, 14:21:39, 4, 0, G:\projek_u\cetak2.rpt:A number, currency amount, boolean, date, time, date-time, or string is expected here.
4/28/2017, 14:24:38, 4, 0, G:\projek_u\cetak2.rpt:A number, currency amount, boolean, date, time, date-time, or string is expected here.
4/28/2017, 14:25:30, 4, 0, G:\projek_u\cetak2.rpt:A number, currency amount, boolean, date, time, date-time, or string is expected here.
4/28/2017, 14:32:01, 4, 0, G:\projek_u\cetak2.rpt:A number, currency amount, boolean, date, time, date-time, or string is expected here.
4/28/2017, 14:34:38, 4, 0, G:\projek_u\cetak2.rpt:A number is required here.
4/28/2017, 14:34:54, 4, 0, G:\projek_u\cetak2.rpt:A number is required here.
4/28/2017, 14:35:08, 4, 0, G:\projek_u\cetak2.rpt:A number is required here.
4/28/2017, 14:35:46, 4, 0, G:\projek_u\cetak2.rpt:A number is required here.
4/28/2017, 14:43:12, 4, 0, G:\projek_u\cetak2.rpt:A number is required here.
4/28/2017, 14:43:33, 4, 0, G:\projek_u\cetak2.rpt:A number is required here.
4/28/2017, 14:44:17, 4, 0, G:\projek_u\cetak2.rpt:A number is required here.
4/28/2017, 14:49:11, 4, 0, G:\projek_u\cetak2.rpt:A number is required here.
4/28/2017, 22:09:02, 4, 0, :File not found.
4/28/2017, 22:09:02, 4, 0, :File not found.
4/28/2017, 22:09:46, 4, 0, :File not found.
4/28/2017, 22:09:46, 4, 0, :File not found.
4/28/2017, 22:10:43, 4, 0, :File not found.
4/28/2017, 22:10:43, 4, 0, :File not found.
4/28/2017, 22:15:03, 4, 0, G:\projek_u\laporan_mingguan.rpt:The ) is missing.
4/28/2017, 22:18:20, 4, 0, G:\projek_u\laporan_mingguan.rpt:The ) is missing.
5/24/2017, 18:28:16, 4, 0, G:\projek_u\laporan_mingguan.rpt:The ) is missing.
